[debug] [2025-12-21T11:22:22.968Z] ----------------------------------------------------------------------
[debug] [2025-12-21T11:22:22.973Z] Command:       C:\Program Files\nodejs\node.exe C:\Users\Quick Tech IT\AppData\Roaming\npm\node_modules\firebase-tools\lib\bin\firebase.js init
[debug] [2025-12-21T11:22:22.973Z] CLI Version:   14.19.1
[debug] [2025-12-21T11:22:22.973Z] Platform:      win32
[debug] [2025-12-21T11:22:22.974Z] Node Version:  v22.19.0
[debug] [2025-12-21T11:22:22.974Z] Time:          Sun Dec 21 2025 17:22:22 GMT+0600 (Bangladesh Standard Time)
[debug] [2025-12-21T11:22:22.974Z] ----------------------------------------------------------------------
[debug] 
[debug] [2025-12-21T11:22:22.978Z] >>> [apiv2][query] GET https://firebase-public.firebaseio.com/cli.json [none]
[info] 
     ######## #### ########  ######## ########     ###     ######  ########
     ##        ##  ##     ## ##       ##     ##  ##   ##  ##       ##
     ######    ##  ########  ######   ########  #########  ######  ######
     ##        ##  ##    ##  ##       ##     ## ##     ##       ## ##
     ##       #### ##     ## ######## ########  ##     ##  ######  ########

You're about to initialize a Firebase project in this directory:

  F:\Hotel Management\24-11-25 hotel new frontend\hotel\hotel

Before we get started, keep in mind:

  * You are initializing within an existing Firebase project directory

[debug] [2025-12-21T11:22:23.992Z] <<< [apiv2][status] GET https://firebase-public.firebaseio.com/cli.json 200
[debug] [2025-12-21T11:22:23.992Z] <<< [apiv2][body] GET https://firebase-public.firebaseio.com/cli.json {"cloudBuildErrorAfter":1594252800000,"cloudBuildWarnAfter":1590019200000,"defaultNode10After":1594252800000,"minVersion":"3.0.5","node8DeploysDisabledAfter":1613390400000,"node8RuntimeDisabledAfter":1615809600000,"node8WarnAfter":1600128000000}
[debug] [2025-12-21T11:28:31.704Z] ExitPromptError: User force closed the prompt with SIGINT
    at Interface.sigint (C:\Users\Quick Tech IT\AppData\Roaming\npm\node_modules\firebase-tools\node_modules\@inquirer\core\dist\commonjs\lib\create-prompt.js:101:37)
    at Interface.emit (node:events:519:28)
    at Interface.emit (node:domain:489:12)
    at [_ttyWrite] [as _ttyWrite] (node:internal/readline/interface:1132:18)
    at ReadStream.onkeypress (node:internal/readline/interface:271:20)
    at ReadStream.emit (node:events:531:35)
    at ReadStream.emit (node:domain:489:12)
    at emitKeys (node:internal/readline/utils:370:14)
    at emitKeys.next (<anonymous>)
    at ReadStream.onData (node:internal/readline/emitKeypressEvents:64:36)
[error] 
[error] Error: An unexpected error has occurred.
